<?xml version="1.0" encoding="UTF-8"?>
<testsuite xmlns:xsi="http://www.w3.org/2001/XMLSchema-instance" xsi:noNamespaceSchemaLocation="https://maven.apache.org/surefire/maven-surefire-plugin/xsd/surefire-test-report-3.0.xsd" version="3.0" name="com.example.PageDesginerApplicationTests" time="0.314" tests="2" errors="0" skipped="0" failures="0">
  <properties>
    <property name="java.specification.version" value="18"/>
    <property name="sun.cpu.isalist" value="amd64"/>
    <property name="sun.jnu.encoding" value="GBK"/>
    <property name="java.class.path" value="D:\GitHub\Repository\springBootShopping-Design\page_Desginer\target\test-classes;D:\GitHub\Repository\springBootShopping-Design\page_Desginer\target\classes;D:\IDEA\apache-maven-3.9.5\mvn_repo\junit\junit\3.8.1\junit-3.8.1.jar;D:\IDEA\apache-maven-3.9.5\mvn_repo\org\springframework\boot\spring-boot-starter-web\3.2.0\spring-boot-starter-web-3.2.0.jar;D:\IDEA\apache-maven-3.9.5\mvn_repo\org\springframework\boot\spring-boot-starter\3.2.0\spring-boot-starter-3.2.0.jar;D:\IDEA\apache-maven-3.9.5\mvn_repo\org\springframework\boot\spring-boot\3.2.0\spring-boot-3.2.0.jar;D:\IDEA\apache-maven-3.9.5\mvn_repo\org\springframework\boot\spring-boot-autoconfigure\3.2.0\spring-boot-autoconfigure-3.2.0.jar;D:\IDEA\apache-maven-3.9.5\mvn_repo\org\springframework\boot\spring-boot-starter-logging\3.2.0\spring-boot-starter-logging-3.2.0.jar;D:\IDEA\apache-maven-3.9.5\mvn_repo\ch\qos\logback\logback-classic\1.4.11\logback-classic-1.4.11.jar;D:\IDEA\apache-maven-3.9.5\mvn_repo\ch\qos\logback\logback-core\1.4.11\logback-core-1.4.11.jar;D:\IDEA\apache-maven-3.9.5\mvn_repo\org\apache\logging\log4j\log4j-to-slf4j\2.21.1\log4j-to-slf4j-2.21.1.jar;D:\IDEA\apache-maven-3.9.5\mvn_repo\org\apache\logging\log4j\log4j-api\2.21.1\log4j-api-2.21.1.jar;D:\IDEA\apache-maven-3.9.5\mvn_repo\org\slf4j\jul-to-slf4j\2.0.9\jul-to-slf4j-2.0.9.jar;D:\IDEA\apache-maven-3.9.5\mvn_repo\jakarta\annotation\jakarta.annotation-api\2.1.1\jakarta.annotation-api-2.1.1.jar;D:\IDEA\apache-maven-3.9.5\mvn_repo\org\yaml\snakeyaml\2.2\snakeyaml-2.2.jar;D:\IDEA\apache-maven-3.9.5\mvn_repo\org\springframework\boot\spring-boot-starter-json\3.2.0\spring-boot-starter-json-3.2.0.jar;D:\IDEA\apache-maven-3.9.5\mvn_repo\com\fasterxml\jackson\datatype\jackson-datatype-jdk8\2.15.3\jackson-datatype-jdk8-2.15.3.jar;D:\IDEA\apache-maven-3.9.5\mvn_repo\com\fasterxml\jackson\datatype\jackson-datatype-jsr310\2.15.3\jackson-datatype-jsr310-2.15.3.jar;D:\IDEA\apache-maven-3.9.5\mvn_repo\com\fasterxml\jackson\module\jackson-module-parameter-names\2.15.3\jackson-module-parameter-names-2.15.3.jar;D:\IDEA\apache-maven-3.9.5\mvn_repo\org\springframework\boot\spring-boot-starter-tomcat\3.2.0\spring-boot-starter-tomcat-3.2.0.jar;D:\IDEA\apache-maven-3.9.5\mvn_repo\org\apache\tomcat\embed\tomcat-embed-core\10.1.16\tomcat-embed-core-10.1.16.jar;D:\IDEA\apache-maven-3.9.5\mvn_repo\org\apache\tomcat\embed\tomcat-embed-websocket\10.1.16\tomcat-embed-websocket-10.1.16.jar;D:\IDEA\apache-maven-3.9.5\mvn_repo\org\springframework\spring-web\6.1.1\spring-web-6.1.1.jar;D:\IDEA\apache-maven-3.9.5\mvn_repo\org\springframework\spring-beans\6.1.1\spring-beans-6.1.1.jar;D:\IDEA\apache-maven-3.9.5\mvn_repo\io\micrometer\micrometer-observation\1.12.0\micrometer-observation-1.12.0.jar;D:\IDEA\apache-maven-3.9.5\mvn_repo\io\micrometer\micrometer-commons\1.12.0\micrometer-commons-1.12.0.jar;D:\IDEA\apache-maven-3.9.5\mvn_repo\org\springframework\spring-webmvc\6.1.1\spring-webmvc-6.1.1.jar;D:\IDEA\apache-maven-3.9.5\mvn_repo\org\springframework\spring-aop\6.1.1\spring-aop-6.1.1.jar;D:\IDEA\apache-maven-3.9.5\mvn_repo\org\springframework\spring-context\6.1.1\spring-context-6.1.1.jar;D:\IDEA\apache-maven-3.9.5\mvn_repo\org\springframework\spring-expression\6.1.1\spring-expression-6.1.1.jar;D:\IDEA\apache-maven-3.9.5\mvn_repo\org\mybatis\spring\boot\mybatis-spring-boot-starter\3.0.3\mybatis-spring-boot-starter-3.0.3.jar;D:\IDEA\apache-maven-3.9.5\mvn_repo\org\springframework\boot\spring-boot-starter-jdbc\3.2.0\spring-boot-starter-jdbc-3.2.0.jar;D:\IDEA\apache-maven-3.9.5\mvn_repo\com\zaxxer\HikariCP\5.0.1\HikariCP-5.0.1.jar;D:\IDEA\apache-maven-3.9.5\mvn_repo\org\springframework\spring-jdbc\6.1.1\spring-jdbc-6.1.1.jar;D:\IDEA\apache-maven-3.9.5\mvn_repo\org\mybatis\spring\boot\mybatis-spring-boot-autoconfigure\3.0.3\mybatis-spring-boot-autoconfigure-3.0.3.jar;D:\IDEA\apache-maven-3.9.5\mvn_repo\org\mybatis\mybatis\3.5.14\mybatis-3.5.14.jar;D:\IDEA\apache-maven-3.9.5\mvn_repo\org\mybatis\mybatis-spring\3.0.3\mybatis-spring-3.0.3.jar;D:\IDEA\apache-maven-3.9.5\mvn_repo\com\mysql\mysql-connector-j\8.1.0\mysql-connector-j-8.1.0.jar;D:\IDEA\apache-maven-3.9.5\mvn_repo\org\projectlombok\lombok\1.18.30\lombok-1.18.30.jar;D:\IDEA\apache-maven-3.9.5\mvn_repo\org\springframework\boot\spring-boot-starter-validation\3.2.0\spring-boot-starter-validation-3.2.0.jar;D:\IDEA\apache-maven-3.9.5\mvn_repo\org\apache\tomcat\embed\tomcat-embed-el\10.1.16\tomcat-embed-el-10.1.16.jar;D:\IDEA\apache-maven-3.9.5\mvn_repo\org\hibernate\validator\hibernate-validator\8.0.1.Final\hibernate-validator-8.0.1.Final.jar;D:\IDEA\apache-maven-3.9.5\mvn_repo\jakarta\validation\jakarta.validation-api\3.0.2\jakarta.validation-api-3.0.2.jar;D:\IDEA\apache-maven-3.9.5\mvn_repo\org\jboss\logging\jboss-logging\3.5.3.Final\jboss-logging-3.5.3.Final.jar;D:\IDEA\apache-maven-3.9.5\mvn_repo\com\fasterxml\classmate\1.6.0\classmate-1.6.0.jar;D:\IDEA\apache-maven-3.9.5\mvn_repo\com\github\pagehelper\pagehelper-spring-boot-starter\1.4.6\pagehelper-spring-boot-starter-1.4.6.jar;D:\IDEA\apache-maven-3.9.5\mvn_repo\com\github\pagehelper\pagehelper-spring-boot-autoconfigure\1.4.6\pagehelper-spring-boot-autoconfigure-1.4.6.jar;D:\IDEA\apache-maven-3.9.5\mvn_repo\com\github\pagehelper\pagehelper\5.3.2\pagehelper-5.3.2.jar;D:\IDEA\apache-maven-3.9.5\mvn_repo\com\github\jsqlparser\jsqlparser\4.5\jsqlparser-4.5.jar;D:\IDEA\apache-maven-3.9.5\mvn_repo\org\springframework\boot\spring-boot-starter-data-redis\3.2.0\spring-boot-starter-data-redis-3.2.0.jar;D:\IDEA\apache-maven-3.9.5\mvn_repo\io\lettuce\lettuce-core\6.3.0.RELEASE\lettuce-core-6.3.0.RELEASE.jar;D:\IDEA\apache-maven-3.9.5\mvn_repo\io\netty\netty-common\4.1.101.Final\netty-common-4.1.101.Final.jar;D:\IDEA\apache-maven-3.9.5\mvn_repo\io\netty\netty-handler\4.1.101.Final\netty-handler-4.1.101.Final.jar;D:\IDEA\apache-maven-3.9.5\mvn_repo\io\netty\netty-resolver\4.1.101.Final\netty-resolver-4.1.101.Final.jar;D:\IDEA\apache-maven-3.9.5\mvn_repo\io\netty\netty-buffer\4.1.101.Final\netty-buffer-4.1.101.Final.jar;D:\IDEA\apache-maven-3.9.5\mvn_repo\io\netty\netty-transport-native-unix-common\4.1.101.Final\netty-transport-native-unix-common-4.1.101.Final.jar;D:\IDEA\apache-maven-3.9.5\mvn_repo\io\netty\netty-codec\4.1.101.Final\netty-codec-4.1.101.Final.jar;D:\IDEA\apache-maven-3.9.5\mvn_repo\io\netty\netty-transport\4.1.101.Final\netty-transport-4.1.101.Final.jar;D:\IDEA\apache-maven-3.9.5\mvn_repo\io\projectreactor\reactor-core\3.6.0\reactor-core-3.6.0.jar;D:\IDEA\apache-maven-3.9.5\mvn_repo\org\reactivestreams\reactive-streams\1.0.4\reactive-streams-1.0.4.jar;D:\IDEA\apache-maven-3.9.5\mvn_repo\org\springframework\data\spring-data-redis\3.2.0\spring-data-redis-3.2.0.jar;D:\IDEA\apache-maven-3.9.5\mvn_repo\org\springframework\data\spring-data-keyvalue\3.2.0\spring-data-keyvalue-3.2.0.jar;D:\IDEA\apache-maven-3.9.5\mvn_repo\org\springframework\data\spring-data-commons\3.2.0\spring-data-commons-3.2.0.jar;D:\IDEA\apache-maven-3.9.5\mvn_repo\org\springframework\spring-tx\6.1.1\spring-tx-6.1.1.jar;D:\IDEA\apache-maven-3.9.5\mvn_repo\org\springframework\spring-oxm\6.1.1\spring-oxm-6.1.1.jar;D:\IDEA\apache-maven-3.9.5\mvn_repo\org\slf4j\slf4j-api\2.0.9\slf4j-api-2.0.9.jar;D:\IDEA\apache-maven-3.9.5\mvn_repo\com\aliyun\oss\aliyun-sdk-oss\3.15.1\aliyun-sdk-oss-3.15.1.jar;D:\IDEA\apache-maven-3.9.5\mvn_repo\org\apache\httpcomponents\httpclient\4.4.1\httpclient-4.4.1.jar;D:\IDEA\apache-maven-3.9.5\mvn_repo\org\apache\httpcomponents\httpcore\4.4.16\httpcore-4.4.16.jar;D:\IDEA\apache-maven-3.9.5\mvn_repo\commons-logging\commons-logging\1.2\commons-logging-1.2.jar;D:\IDEA\apache-maven-3.9.5\mvn_repo\commons-codec\commons-codec\1.16.0\commons-codec-1.16.0.jar;D:\IDEA\apache-maven-3.9.5\mvn_repo\org\jdom\jdom2\2.0.6.1\jdom2-2.0.6.1.jar;D:\IDEA\apache-maven-3.9.5\mvn_repo\org\codehaus\jettison\jettison\1.1\jettison-1.1.jar;D:\IDEA\apache-maven-3.9.5\mvn_repo\stax\stax-api\1.0.1\stax-api-1.0.1.jar;D:\IDEA\apache-maven-3.9.5\mvn_repo\com\aliyun\aliyun-java-sdk-core\4.5.10\aliyun-java-sdk-core-4.5.10.jar;D:\IDEA\apache-maven-3.9.5\mvn_repo\com\google\code\gson\gson\2.10.1\gson-2.10.1.jar;D:\IDEA\apache-maven-3.9.5\mvn_repo\org\jacoco\org.jacoco.agent\0.8.5\org.jacoco.agent-0.8.5-runtime.jar;D:\IDEA\apache-maven-3.9.5\mvn_repo\org\ini4j\ini4j\0.5.4\ini4j-0.5.4.jar;D:\IDEA\apache-maven-3.9.5\mvn_repo\io\opentracing\opentracing-api\0.33.0\opentracing-api-0.33.0.jar;D:\IDEA\apache-maven-3.9.5\mvn_repo\io\opentracing\opentracing-util\0.33.0\opentracing-util-0.33.0.jar;D:\IDEA\apache-maven-3.9.5\mvn_repo\io\opentracing\opentracing-noop\0.33.0\opentracing-noop-0.33.0.jar;D:\IDEA\apache-maven-3.9.5\mvn_repo\com\aliyun\aliyun-java-sdk-ram\3.1.0\aliyun-java-sdk-ram-3.1.0.jar;D:\IDEA\apache-maven-3.9.5\mvn_repo\com\aliyun\aliyun-java-sdk-kms\2.11.0\aliyun-java-sdk-kms-2.11.0.jar;D:\IDEA\apache-maven-3.9.5\mvn_repo\javax\xml\bind\jaxb-api\2.3.1\jaxb-api-2.3.1.jar;D:\IDEA\apache-maven-3.9.5\mvn_repo\javax\activation\javax.activation-api\1.2.0\javax.activation-api-1.2.0.jar;D:\IDEA\apache-maven-3.9.5\mvn_repo\javax\activation\activation\1.1.1\activation-1.1.1.jar;D:\IDEA\apache-maven-3.9.5\mvn_repo\org\glassfish\jaxb\jaxb-runtime\2.3.3\jaxb-runtime-2.3.3.jar;D:\IDEA\apache-maven-3.9.5\mvn_repo\jakarta\xml\bind\jakarta.xml.bind-api\4.0.1\jakarta.xml.bind-api-4.0.1.jar;D:\IDEA\apache-maven-3.9.5\mvn_repo\org\glassfish\jaxb\txw2\4.0.4\txw2-4.0.4.jar;D:\IDEA\apache-maven-3.9.5\mvn_repo\com\sun\istack\istack-commons-runtime\4.1.2\istack-commons-runtime-4.1.2.jar;D:\IDEA\apache-maven-3.9.5\mvn_repo\com\sun\activation\jakarta.activation\1.2.2\jakarta.activation-1.2.2.jar;D:\IDEA\apache-maven-3.9.5\mvn_repo\org\springframework\boot\spring-boot-starter-test\3.2.0\spring-boot-starter-test-3.2.0.jar;D:\IDEA\apache-maven-3.9.5\mvn_repo\org\springframework\boot\spring-boot-test\3.2.0\spring-boot-test-3.2.0.jar;D:\IDEA\apache-maven-3.9.5\mvn_repo\org\springframework\boot\spring-boot-test-autoconfigure\3.2.0\spring-boot-test-autoconfigure-3.2.0.jar;D:\IDEA\apache-maven-3.9.5\mvn_repo\com\jayway\jsonpath\json-path\2.8.0\json-path-2.8.0.jar;D:\IDEA\apache-maven-3.9.5\mvn_repo\net\minidev\json-smart\2.5.0\json-smart-2.5.0.jar;D:\IDEA\apache-maven-3.9.5\mvn_repo\net\minidev\accessors-smart\2.5.0\accessors-smart-2.5.0.jar;D:\IDEA\apache-maven-3.9.5\mvn_repo\org\ow2\asm\asm\9.3\asm-9.3.jar;D:\IDEA\apache-maven-3.9.5\mvn_repo\org\assertj\assertj-core\3.24.2\assertj-core-3.24.2.jar;D:\IDEA\apache-maven-3.9.5\mvn_repo\net\bytebuddy\byte-buddy\1.14.10\byte-buddy-1.14.10.jar;D:\IDEA\apache-maven-3.9.5\mvn_repo\org\awaitility\awaitility\4.2.0\awaitility-4.2.0.jar;D:\IDEA\apache-maven-3.9.5\mvn_repo\org\hamcrest\hamcrest\2.2\hamcrest-2.2.jar;D:\IDEA\apache-maven-3.9.5\mvn_repo\org\junit\jupiter\junit-jupiter\5.10.1\junit-jupiter-5.10.1.jar;D:\IDEA\apache-maven-3.9.5\mvn_repo\org\junit\jupiter\junit-jupiter-api\5.10.1\junit-jupiter-api-5.10.1.jar;D:\IDEA\apache-maven-3.9.5\mvn_repo\org\opentest4j\opentest4j\1.3.0\opentest4j-1.3.0.jar;D:\IDEA\apache-maven-3.9.5\mvn_repo\org\junit\platform\junit-platform-commons\1.10.1\junit-platform-commons-1.10.1.jar;D:\IDEA\apache-maven-3.9.5\mvn_repo\org\apiguardian\apiguardian-api\1.1.2\apiguardian-api-1.1.2.jar;D:\IDEA\apache-maven-3.9.5\mvn_repo\org\junit\jupiter\junit-jupiter-params\5.10.1\junit-jupiter-params-5.10.1.jar;D:\IDEA\apache-maven-3.9.5\mvn_repo\org\junit\jupiter\junit-jupiter-engine\5.10.1\junit-jupiter-engine-5.10.1.jar;D:\IDEA\apache-maven-3.9.5\mvn_repo\org\junit\platform\junit-platform-engine\1.10.1\junit-platform-engine-1.10.1.jar;D:\IDEA\apache-maven-3.9.5\mvn_repo\org\mockito\mockito-core\5.7.0\mockito-core-5.7.0.jar;D:\IDEA\apache-maven-3.9.5\mvn_repo\net\bytebuddy\byte-buddy-agent\1.14.10\byte-buddy-agent-1.14.10.jar;D:\IDEA\apache-maven-3.9.5\mvn_repo\org\objenesis\objenesis\3.3\objenesis-3.3.jar;D:\IDEA\apache-maven-3.9.5\mvn_repo\org\mockito\mockito-junit-jupiter\5.7.0\mockito-junit-jupiter-5.7.0.jar;D:\IDEA\apache-maven-3.9.5\mvn_repo\org\skyscreamer\jsonassert\1.5.1\jsonassert-1.5.1.jar;D:\IDEA\apache-maven-3.9.5\mvn_repo\com\vaadin\external\google\android-json\0.0.20131108.vaadin1\android-json-0.0.20131108.vaadin1.jar;D:\IDEA\apache-maven-3.9.5\mvn_repo\org\springframework\spring-core\6.1.1\spring-core-6.1.1.jar;D:\IDEA\apache-maven-3.9.5\mvn_repo\org\springframework\spring-jcl\6.1.1\spring-jcl-6.1.1.jar;D:\IDEA\apache-maven-3.9.5\mvn_repo\org\springframework\spring-test\6.1.1\spring-test-6.1.1.jar;D:\IDEA\apache-maven-3.9.5\mvn_repo\org\xmlunit\xmlunit-core\2.9.1\xmlunit-core-2.9.1.jar;D:\IDEA\apache-maven-3.9.5\mvn_repo\org\mybatis\spring\boot\mybatis-spring-boot-starter-test\3.0.3\mybatis-spring-boot-starter-test-3.0.3.jar;D:\IDEA\apache-maven-3.9.5\mvn_repo\org\mybatis\spring\boot\mybatis-spring-boot-test-autoconfigure\3.0.3\mybatis-spring-boot-test-autoconfigure-3.0.3.jar;D:\IDEA\apache-maven-3.9.5\mvn_repo\io\jsonwebtoken\jjwt\0.9.1\jjwt-0.9.1.jar;D:\IDEA\apache-maven-3.9.5\mvn_repo\com\fasterxml\jackson\core\jackson-databind\2.14.2\jackson-databind-2.14.2.jar;D:\IDEA\apache-maven-3.9.5\mvn_repo\com\fasterxml\jackson\core\jackson-annotations\2.15.3\jackson-annotations-2.15.3.jar;D:\IDEA\apache-maven-3.9.5\mvn_repo\com\fasterxml\jackson\core\jackson-core\2.15.3\jackson-core-2.15.3.jar;D:\IDEA\apache-maven-3.9.5\mvn_repo\org\springframework\boot\spring-boot-starter-mail\3.2.0\spring-boot-starter-mail-3.2.0.jar;D:\IDEA\apache-maven-3.9.5\mvn_repo\org\springframework\spring-context-support\6.1.1\spring-context-support-6.1.1.jar;D:\IDEA\apache-maven-3.9.5\mvn_repo\org\eclipse\angus\jakarta.mail\2.0.2\jakarta.mail-2.0.2.jar;D:\IDEA\apache-maven-3.9.5\mvn_repo\jakarta\activation\jakarta.activation-api\2.1.2\jakarta.activation-api-2.1.2.jar;D:\IDEA\apache-maven-3.9.5\mvn_repo\org\eclipse\angus\angus-activation\2.0.1\angus-activation-2.0.1.jar;D:\IDEA\apache-maven-3.9.5\mvn_repo\org\aspectj\aspectjweaver\1.9.6\aspectjweaver-1.9.6.jar;"/>
    <property name="java.vm.vendor" value="Oracle Corporation"/>
    <property name="sun.arch.data.model" value="64"/>
    <property name="user.variant" value=""/>
    <property name="java.vendor.url" value="https://java.oracle.com/"/>
    <property name="user.timezone" value="Asia/Shanghai"/>
    <property name="os.name" value="Windows 10"/>
    <property name="java.vm.specification.version" value="18"/>
    <property name="sun.java.launcher" value="SUN_STANDARD"/>
    <property name="user.country" value="CN"/>
    <property name="sun.boot.library.path" value="D:\java JRE\bin"/>
    <property name="sun.java.command" value="C:\Users\LENOVO\AppData\Local\Temp\surefire4551668397404960382\surefirebooter-20240516231022800_3.jar C:\Users\LENOVO\AppData\Local\Temp\surefire4551668397404960382 2024-05-16T23-10-22_538-jvmRun1 surefire-20240516231022800_1tmp surefire_0-20240516231022800_2tmp"/>
    <property name="jdk.debug" value="release"/>
    <property name="surefire.test.class.path" value="D:\GitHub\Repository\springBootShopping-Design\page_Desginer\target\test-classes;D:\GitHub\Repository\springBootShopping-Design\page_Desginer\target\classes;D:\IDEA\apache-maven-3.9.5\mvn_repo\junit\junit\3.8.1\junit-3.8.1.jar;D:\IDEA\apache-maven-3.9.5\mvn_repo\org\springframework\boot\spring-boot-starter-web\3.2.0\spring-boot-starter-web-3.2.0.jar;D:\IDEA\apache-maven-3.9.5\mvn_repo\org\springframework\boot\spring-boot-starter\3.2.0\spring-boot-starter-3.2.0.jar;D:\IDEA\apache-maven-3.9.5\mvn_repo\org\springframework\boot\spring-boot\3.2.0\spring-boot-3.2.0.jar;D:\IDEA\apache-maven-3.9.5\mvn_repo\org\springframework\boot\spring-boot-autoconfigure\3.2.0\spring-boot-autoconfigure-3.2.0.jar;D:\IDEA\apache-maven-3.9.5\mvn_repo\org\springframework\boot\spring-boot-starter-logging\3.2.0\spring-boot-starter-logging-3.2.0.jar;D:\IDEA\apache-maven-3.9.5\mvn_repo\ch\qos\logback\logback-classic\1.4.11\logback-classic-1.4.11.jar;D:\IDEA\apache-maven-3.9.5\mvn_repo\ch\qos\logback\logback-core\1.4.11\logback-core-1.4.11.jar;D:\IDEA\apache-maven-3.9.5\mvn_repo\org\apache\logging\log4j\log4j-to-slf4j\2.21.1\log4j-to-slf4j-2.21.1.jar;D:\IDEA\apache-maven-3.9.5\mvn_repo\org\apache\logging\log4j\log4j-api\2.21.1\log4j-api-2.21.1.jar;D:\IDEA\apache-maven-3.9.5\mvn_repo\org\slf4j\jul-to-slf4j\2.0.9\jul-to-slf4j-2.0.9.jar;D:\IDEA\apache-maven-3.9.5\mvn_repo\jakarta\annotation\jakarta.annotation-api\2.1.1\jakarta.annotation-api-2.1.1.jar;D:\IDEA\apache-maven-3.9.5\mvn_repo\org\yaml\snakeyaml\2.2\snakeyaml-2.2.jar;D:\IDEA\apache-maven-3.9.5\mvn_repo\org\springframework\boot\spring-boot-starter-json\3.2.0\spring-boot-starter-json-3.2.0.jar;D:\IDEA\apache-maven-3.9.5\mvn_repo\com\fasterxml\jackson\datatype\jackson-datatype-jdk8\2.15.3\jackson-datatype-jdk8-2.15.3.jar;D:\IDEA\apache-maven-3.9.5\mvn_repo\com\fasterxml\jackson\datatype\jackson-datatype-jsr310\2.15.3\jackson-datatype-jsr310-2.15.3.jar;D:\IDEA\apache-maven-3.9.5\mvn_repo\com\fasterxml\jackson\module\jackson-module-parameter-names\2.15.3\jackson-module-parameter-names-2.15.3.jar;D:\IDEA\apache-maven-3.9.5\mvn_repo\org\springframework\boot\spring-boot-starter-tomcat\3.2.0\spring-boot-starter-tomcat-3.2.0.jar;D:\IDEA\apache-maven-3.9.5\mvn_repo\org\apache\tomcat\embed\tomcat-embed-core\10.1.16\tomcat-embed-core-10.1.16.jar;D:\IDEA\apache-maven-3.9.5\mvn_repo\org\apache\tomcat\embed\tomcat-embed-websocket\10.1.16\tomcat-embed-websocket-10.1.16.jar;D:\IDEA\apache-maven-3.9.5\mvn_repo\org\springframework\spring-web\6.1.1\spring-web-6.1.1.jar;D:\IDEA\apache-maven-3.9.5\mvn_repo\org\springframework\spring-beans\6.1.1\spring-beans-6.1.1.jar;D:\IDEA\apache-maven-3.9.5\mvn_repo\io\micrometer\micrometer-observation\1.12.0\micrometer-observation-1.12.0.jar;D:\IDEA\apache-maven-3.9.5\mvn_repo\io\micrometer\micrometer-commons\1.12.0\micrometer-commons-1.12.0.jar;D:\IDEA\apache-maven-3.9.5\mvn_repo\org\springframework\spring-webmvc\6.1.1\spring-webmvc-6.1.1.jar;D:\IDEA\apache-maven-3.9.5\mvn_repo\org\springframework\spring-aop\6.1.1\spring-aop-6.1.1.jar;D:\IDEA\apache-maven-3.9.5\mvn_repo\org\springframework\spring-context\6.1.1\spring-context-6.1.1.jar;D:\IDEA\apache-maven-3.9.5\mvn_repo\org\springframework\spring-expression\6.1.1\spring-expression-6.1.1.jar;D:\IDEA\apache-maven-3.9.5\mvn_repo\org\mybatis\spring\boot\mybatis-spring-boot-starter\3.0.3\mybatis-spring-boot-starter-3.0.3.jar;D:\IDEA\apache-maven-3.9.5\mvn_repo\org\springframework\boot\spring-boot-starter-jdbc\3.2.0\spring-boot-starter-jdbc-3.2.0.jar;D:\IDEA\apache-maven-3.9.5\mvn_repo\com\zaxxer\HikariCP\5.0.1\HikariCP-5.0.1.jar;D:\IDEA\apache-maven-3.9.5\mvn_repo\org\springframework\spring-jdbc\6.1.1\spring-jdbc-6.1.1.jar;D:\IDEA\apache-maven-3.9.5\mvn_repo\org\mybatis\spring\boot\mybatis-spring-boot-autoconfigure\3.0.3\mybatis-spring-boot-autoconfigure-3.0.3.jar;D:\IDEA\apache-maven-3.9.5\mvn_repo\org\mybatis\mybatis\3.5.14\mybatis-3.5.14.jar;D:\IDEA\apache-maven-3.9.5\mvn_repo\org\mybatis\mybatis-spring\3.0.3\mybatis-spring-3.0.3.jar;D:\IDEA\apache-maven-3.9.5\mvn_repo\com\mysql\mysql-connector-j\8.1.0\mysql-connector-j-8.1.0.jar;D:\IDEA\apache-maven-3.9.5\mvn_repo\org\projectlombok\lombok\1.18.30\lombok-1.18.30.jar;D:\IDEA\apache-maven-3.9.5\mvn_repo\org\springframework\boot\spring-boot-starter-validation\3.2.0\spring-boot-starter-validation-3.2.0.jar;D:\IDEA\apache-maven-3.9.5\mvn_repo\org\apache\tomcat\embed\tomcat-embed-el\10.1.16\tomcat-embed-el-10.1.16.jar;D:\IDEA\apache-maven-3.9.5\mvn_repo\org\hibernate\validator\hibernate-validator\8.0.1.Final\hibernate-validator-8.0.1.Final.jar;D:\IDEA\apache-maven-3.9.5\mvn_repo\jakarta\validation\jakarta.validation-api\3.0.2\jakarta.validation-api-3.0.2.jar;D:\IDEA\apache-maven-3.9.5\mvn_repo\org\jboss\logging\jboss-logging\3.5.3.Final\jboss-logging-3.5.3.Final.jar;D:\IDEA\apache-maven-3.9.5\mvn_repo\com\fasterxml\classmate\1.6.0\classmate-1.6.0.jar;D:\IDEA\apache-maven-3.9.5\mvn_repo\com\github\pagehelper\pagehelper-spring-boot-starter\1.4.6\pagehelper-spring-boot-starter-1.4.6.jar;D:\IDEA\apache-maven-3.9.5\mvn_repo\com\github\pagehelper\pagehelper-spring-boot-autoconfigure\1.4.6\pagehelper-spring-boot-autoconfigure-1.4.6.jar;D:\IDEA\apache-maven-3.9.5\mvn_repo\com\github\pagehelper\pagehelper\5.3.2\pagehelper-5.3.2.jar;D:\IDEA\apache-maven-3.9.5\mvn_repo\com\github\jsqlparser\jsqlparser\4.5\jsqlparser-4.5.jar;D:\IDEA\apache-maven-3.9.5\mvn_repo\org\springframework\boot\spring-boot-starter-data-redis\3.2.0\spring-boot-starter-data-redis-3.2.0.jar;D:\IDEA\apache-maven-3.9.5\mvn_repo\io\lettuce\lettuce-core\6.3.0.RELEASE\lettuce-core-6.3.0.RELEASE.jar;D:\IDEA\apache-maven-3.9.5\mvn_repo\io\netty\netty-common\4.1.101.Final\netty-common-4.1.101.Final.jar;D:\IDEA\apache-maven-3.9.5\mvn_repo\io\netty\netty-handler\4.1.101.Final\netty-handler-4.1.101.Final.jar;D:\IDEA\apache-maven-3.9.5\mvn_repo\io\netty\netty-resolver\4.1.101.Final\netty-resolver-4.1.101.Final.jar;D:\IDEA\apache-maven-3.9.5\mvn_repo\io\netty\netty-buffer\4.1.101.Final\netty-buffer-4.1.101.Final.jar;D:\IDEA\apache-maven-3.9.5\mvn_repo\io\netty\netty-transport-native-unix-common\4.1.101.Final\netty-transport-native-unix-common-4.1.101.Final.jar;D:\IDEA\apache-maven-3.9.5\mvn_repo\io\netty\netty-codec\4.1.101.Final\netty-codec-4.1.101.Final.jar;D:\IDEA\apache-maven-3.9.5\mvn_repo\io\netty\netty-transport\4.1.101.Final\netty-transport-4.1.101.Final.jar;D:\IDEA\apache-maven-3.9.5\mvn_repo\io\projectreactor\reactor-core\3.6.0\reactor-core-3.6.0.jar;D:\IDEA\apache-maven-3.9.5\mvn_repo\org\reactivestreams\reactive-streams\1.0.4\reactive-streams-1.0.4.jar;D:\IDEA\apache-maven-3.9.5\mvn_repo\org\springframework\data\spring-data-redis\3.2.0\spring-data-redis-3.2.0.jar;D:\IDEA\apache-maven-3.9.5\mvn_repo\org\springframework\data\spring-data-keyvalue\3.2.0\spring-data-keyvalue-3.2.0.jar;D:\IDEA\apache-maven-3.9.5\mvn_repo\org\springframework\data\spring-data-commons\3.2.0\spring-data-commons-3.2.0.jar;D:\IDEA\apache-maven-3.9.5\mvn_repo\org\springframework\spring-tx\6.1.1\spring-tx-6.1.1.jar;D:\IDEA\apache-maven-3.9.5\mvn_repo\org\springframework\spring-oxm\6.1.1\spring-oxm-6.1.1.jar;D:\IDEA\apache-maven-3.9.5\mvn_repo\org\slf4j\slf4j-api\2.0.9\slf4j-api-2.0.9.jar;D:\IDEA\apache-maven-3.9.5\mvn_repo\com\aliyun\oss\aliyun-sdk-oss\3.15.1\aliyun-sdk-oss-3.15.1.jar;D:\IDEA\apache-maven-3.9.5\mvn_repo\org\apache\httpcomponents\httpclient\4.4.1\httpclient-4.4.1.jar;D:\IDEA\apache-maven-3.9.5\mvn_repo\org\apache\httpcomponents\httpcore\4.4.16\httpcore-4.4.16.jar;D:\IDEA\apache-maven-3.9.5\mvn_repo\commons-logging\commons-logging\1.2\commons-logging-1.2.jar;D:\IDEA\apache-maven-3.9.5\mvn_repo\commons-codec\commons-codec\1.16.0\commons-codec-1.16.0.jar;D:\IDEA\apache-maven-3.9.5\mvn_repo\org\jdom\jdom2\2.0.6.1\jdom2-2.0.6.1.jar;D:\IDEA\apache-maven-3.9.5\mvn_repo\org\codehaus\jettison\jettison\1.1\jettison-1.1.jar;D:\IDEA\apache-maven-3.9.5\mvn_repo\stax\stax-api\1.0.1\stax-api-1.0.1.jar;D:\IDEA\apache-maven-3.9.5\mvn_repo\com\aliyun\aliyun-java-sdk-core\4.5.10\aliyun-java-sdk-core-4.5.10.jar;D:\IDEA\apache-maven-3.9.5\mvn_repo\com\google\code\gson\gson\2.10.1\gson-2.10.1.jar;D:\IDEA\apache-maven-3.9.5\mvn_repo\org\jacoco\org.jacoco.agent\0.8.5\org.jacoco.agent-0.8.5-runtime.jar;D:\IDEA\apache-maven-3.9.5\mvn_repo\org\ini4j\ini4j\0.5.4\ini4j-0.5.4.jar;D:\IDEA\apache-maven-3.9.5\mvn_repo\io\opentracing\opentracing-api\0.33.0\opentracing-api-0.33.0.jar;D:\IDEA\apache-maven-3.9.5\mvn_repo\io\opentracing\opentracing-util\0.33.0\opentracing-util-0.33.0.jar;D:\IDEA\apache-maven-3.9.5\mvn_repo\io\opentracing\opentracing-noop\0.33.0\opentracing-noop-0.33.0.jar;D:\IDEA\apache-maven-3.9.5\mvn_repo\com\aliyun\aliyun-java-sdk-ram\3.1.0\aliyun-java-sdk-ram-3.1.0.jar;D:\IDEA\apache-maven-3.9.5\mvn_repo\com\aliyun\aliyun-java-sdk-kms\2.11.0\aliyun-java-sdk-kms-2.11.0.jar;D:\IDEA\apache-maven-3.9.5\mvn_repo\javax\xml\bind\jaxb-api\2.3.1\jaxb-api-2.3.1.jar;D:\IDEA\apache-maven-3.9.5\mvn_repo\javax\activation\javax.activation-api\1.2.0\javax.activation-api-1.2.0.jar;D:\IDEA\apache-maven-3.9.5\mvn_repo\javax\activation\activation\1.1.1\activation-1.1.1.jar;D:\IDEA\apache-maven-3.9.5\mvn_repo\org\glassfish\jaxb\jaxb-runtime\2.3.3\jaxb-runtime-2.3.3.jar;D:\IDEA\apache-maven-3.9.5\mvn_repo\jakarta\xml\bind\jakarta.xml.bind-api\4.0.1\jakarta.xml.bind-api-4.0.1.jar;D:\IDEA\apache-maven-3.9.5\mvn_repo\org\glassfish\jaxb\txw2\4.0.4\txw2-4.0.4.jar;D:\IDEA\apache-maven-3.9.5\mvn_repo\com\sun\istack\istack-commons-runtime\4.1.2\istack-commons-runtime-4.1.2.jar;D:\IDEA\apache-maven-3.9.5\mvn_repo\com\sun\activation\jakarta.activation\1.2.2\jakarta.activation-1.2.2.jar;D:\IDEA\apache-maven-3.9.5\mvn_repo\org\springframework\boot\spring-boot-starter-test\3.2.0\spring-boot-starter-test-3.2.0.jar;D:\IDEA\apache-maven-3.9.5\mvn_repo\org\springframework\boot\spring-boot-test\3.2.0\spring-boot-test-3.2.0.jar;D:\IDEA\apache-maven-3.9.5\mvn_repo\org\springframework\boot\spring-boot-test-autoconfigure\3.2.0\spring-boot-test-autoconfigure-3.2.0.jar;D:\IDEA\apache-maven-3.9.5\mvn_repo\com\jayway\jsonpath\json-path\2.8.0\json-path-2.8.0.jar;D:\IDEA\apache-maven-3.9.5\mvn_repo\net\minidev\json-smart\2.5.0\json-smart-2.5.0.jar;D:\IDEA\apache-maven-3.9.5\mvn_repo\net\minidev\accessors-smart\2.5.0\accessors-smart-2.5.0.jar;D:\IDEA\apache-maven-3.9.5\mvn_repo\org\ow2\asm\asm\9.3\asm-9.3.jar;D:\IDEA\apache-maven-3.9.5\mvn_repo\org\assertj\assertj-core\3.24.2\assertj-core-3.24.2.jar;D:\IDEA\apache-maven-3.9.5\mvn_repo\net\bytebuddy\byte-buddy\1.14.10\byte-buddy-1.14.10.jar;D:\IDEA\apache-maven-3.9.5\mvn_repo\org\awaitility\awaitility\4.2.0\awaitility-4.2.0.jar;D:\IDEA\apache-maven-3.9.5\mvn_repo\org\hamcrest\hamcrest\2.2\hamcrest-2.2.jar;D:\IDEA\apache-maven-3.9.5\mvn_repo\org\junit\jupiter\junit-jupiter\5.10.1\junit-jupiter-5.10.1.jar;D:\IDEA\apache-maven-3.9.5\mvn_repo\org\junit\jupiter\junit-jupiter-api\5.10.1\junit-jupiter-api-5.10.1.jar;D:\IDEA\apache-maven-3.9.5\mvn_repo\org\opentest4j\opentest4j\1.3.0\opentest4j-1.3.0.jar;D:\IDEA\apache-maven-3.9.5\mvn_repo\org\junit\platform\junit-platform-commons\1.10.1\junit-platform-commons-1.10.1.jar;D:\IDEA\apache-maven-3.9.5\mvn_repo\org\apiguardian\apiguardian-api\1.1.2\apiguardian-api-1.1.2.jar;D:\IDEA\apache-maven-3.9.5\mvn_repo\org\junit\jupiter\junit-jupiter-params\5.10.1\junit-jupiter-params-5.10.1.jar;D:\IDEA\apache-maven-3.9.5\mvn_repo\org\junit\jupiter\junit-jupiter-engine\5.10.1\junit-jupiter-engine-5.10.1.jar;D:\IDEA\apache-maven-3.9.5\mvn_repo\org\junit\platform\junit-platform-engine\1.10.1\junit-platform-engine-1.10.1.jar;D:\IDEA\apache-maven-3.9.5\mvn_repo\org\mockito\mockito-core\5.7.0\mockito-core-5.7.0.jar;D:\IDEA\apache-maven-3.9.5\mvn_repo\net\bytebuddy\byte-buddy-agent\1.14.10\byte-buddy-agent-1.14.10.jar;D:\IDEA\apache-maven-3.9.5\mvn_repo\org\objenesis\objenesis\3.3\objenesis-3.3.jar;D:\IDEA\apache-maven-3.9.5\mvn_repo\org\mockito\mockito-junit-jupiter\5.7.0\mockito-junit-jupiter-5.7.0.jar;D:\IDEA\apache-maven-3.9.5\mvn_repo\org\skyscreamer\jsonassert\1.5.1\jsonassert-1.5.1.jar;D:\IDEA\apache-maven-3.9.5\mvn_repo\com\vaadin\external\google\android-json\0.0.20131108.vaadin1\android-json-0.0.20131108.vaadin1.jar;D:\IDEA\apache-maven-3.9.5\mvn_repo\org\springframework\spring-core\6.1.1\spring-core-6.1.1.jar;D:\IDEA\apache-maven-3.9.5\mvn_repo\org\springframework\spring-jcl\6.1.1\spring-jcl-6.1.1.jar;D:\IDEA\apache-maven-3.9.5\mvn_repo\org\springframework\spring-test\6.1.1\spring-test-6.1.1.jar;D:\IDEA\apache-maven-3.9.5\mvn_repo\org\xmlunit\xmlunit-core\2.9.1\xmlunit-core-2.9.1.jar;D:\IDEA\apache-maven-3.9.5\mvn_repo\org\mybatis\spring\boot\mybatis-spring-boot-starter-test\3.0.3\mybatis-spring-boot-starter-test-3.0.3.jar;D:\IDEA\apache-maven-3.9.5\mvn_repo\org\mybatis\spring\boot\mybatis-spring-boot-test-autoconfigure\3.0.3\mybatis-spring-boot-test-autoconfigure-3.0.3.jar;D:\IDEA\apache-maven-3.9.5\mvn_repo\io\jsonwebtoken\jjwt\0.9.1\jjwt-0.9.1.jar;D:\IDEA\apache-maven-3.9.5\mvn_repo\com\fasterxml\jackson\core\jackson-databind\2.14.2\jackson-databind-2.14.2.jar;D:\IDEA\apache-maven-3.9.5\mvn_repo\com\fasterxml\jackson\core\jackson-annotations\2.15.3\jackson-annotations-2.15.3.jar;D:\IDEA\apache-maven-3.9.5\mvn_repo\com\fasterxml\jackson\core\jackson-core\2.15.3\jackson-core-2.15.3.jar;D:\IDEA\apache-maven-3.9.5\mvn_repo\org\springframework\boot\spring-boot-starter-mail\3.2.0\spring-boot-starter-mail-3.2.0.jar;D:\IDEA\apache-maven-3.9.5\mvn_repo\org\springframework\spring-context-support\6.1.1\spring-context-support-6.1.1.jar;D:\IDEA\apache-maven-3.9.5\mvn_repo\org\eclipse\angus\jakarta.mail\2.0.2\jakarta.mail-2.0.2.jar;D:\IDEA\apache-maven-3.9.5\mvn_repo\jakarta\activation\jakarta.activation-api\2.1.2\jakarta.activation-api-2.1.2.jar;D:\IDEA\apache-maven-3.9.5\mvn_repo\org\eclipse\angus\angus-activation\2.0.1\angus-activation-2.0.1.jar;D:\IDEA\apache-maven-3.9.5\mvn_repo\org\aspectj\aspectjweaver\1.9.6\aspectjweaver-1.9.6.jar;"/>
    <property name="sun.cpu.endian" value="little"/>
    <property name="user.home" value="C:\Users\LENOVO"/>
    <property name="user.language" value="zh"/>
    <property name="java.specification.vendor" value="Oracle Corporation"/>
    <property name="java.version.date" value="2022-08-18"/>
    <property name="java.home" value="D:\java JRE"/>
    <property name="file.separator" value="\"/>
    <property name="basedir" value="D:\GitHub\Repository\springBootShopping-Design\page_Desginer"/>
    <property name="java.vm.compressedOopsMode" value="Zero based"/>
    <property name="line.separator" value="&#10;"/>
    <property name="java.vm.specification.vendor" value="Oracle Corporation"/>
    <property name="java.specification.name" value="Java Platform API Specification"/>
    <property name="surefire.real.class.path" value="C:\Users\LENOVO\AppData\Local\Temp\surefire4551668397404960382\surefirebooter-20240516231022800_3.jar"/>
    <property name="user.script" value=""/>
    <property name="sun.management.compiler" value="HotSpot 64-Bit Tiered Compilers"/>
    <property name="java.runtime.version" value="18.0.2.1+1-1"/>
    <property name="user.name" value="LENOVO"/>
    <property name="path.separator" value=";"/>
    <property name="os.version" value="10.0"/>
    <property name="java.runtime.name" value="Java(TM) SE Runtime Environment"/>
    <property name="file.encoding" value="UTF-8"/>
    <property name="java.vm.name" value="Java HotSpot(TM) 64-Bit Server VM"/>
    <property name="localRepository" value="D:\IDEA\apache-maven-3.9.5\mvn_repo"/>
    <property name="java.vendor.url.bug" value="https://bugreport.java.com/bugreport/"/>
    <property name="java.io.tmpdir" value="C:\Users\LENOVO\AppData\Local\Temp\"/>
    <property name="idea.version" value="2023.2.4"/>
    <property name="java.version" value="18.0.2.1"/>
    <property name="user.dir" value="D:\GitHub\Repository\springBootShopping-Design\page_Desginer"/>
    <property name="os.arch" value="amd64"/>
    <property name="java.vm.specification.name" value="Java Virtual Machine Specification"/>
    <property name="sun.os.patch.level" value=""/>
    <property name="native.encoding" value="GBK"/>
    <property name="java.library.path" value="D:\java JRE\bin;C:\Windows\Sun\Java\bin;C:\Windows\system32;C:\Windows;C:\Program Files\NVIDIA GPU Computing Toolkit\CUDA\v11.5\bin;C:\Program Files\NVIDIA GPU Computing Toolkit\CUDA\v11.5\libnvvp;;D:\vmvare\bin\;D:\QT6.4.5\6.4.2\msvc2019_64\bin;D:\QT6.4.5\Tools\QtCreator\bin;C:\Windows\system32;C:\Windows;C:\Windows\System32\Wbem;C:\Windows\System32\WindowsPowerShell\v1.0\;C:\Windows\System32\OpenSSH\;C:\Program Files (x86)\NVIDIA Corporation\PhysX\Common;C:\Program Files\NVIDIA Corporation\NVIDIA NvDLISR;D:\mathlab\mathlab software\runtime\win64;D:\mathlab\mathlab software\bin;C:\Program Files\dotnet\;D:\java JRE\bin;C:\Program Files\Azure Data Studio\bin;D:\Program Files\MySQL\MySQL Server 8.0\bin;D:\GitHub\Git\cmd;C:\Program Files\Google\Chrome\Application\;C:\Program Files (x86)\Microsoft\Edge\Application\;D:\IDEA\nodejs\;D:\IDEA\apache-maven-3.9.5\bin;C:\Program Files\NVIDIA Corporation\Nsight Compute 2021.3.1\;D:\python\python_3.11\;D:\python\python_3.11\Scripts\;D:\python\python_3.9\Scripts\;D:\python\python_3.9\;C:\Users\LENOVO\AppData\Local\Microsoft\WindowsApps;C:\Program Files\Azure Data Studio\bin;D:\python\PyCharm2023\bin;;C:\Users\LENOVO\AppData\Local\GitHubDesktop\bin;D:\IDEA\IntelliJ IDEA 2023.2.4\bin;;C:\Users\LENOVO\AppData\Roaming\npm;;."/>
    <property name="java.vm.info" value="mixed mode, sharing"/>
    <property name="java.vendor" value="Oracle Corporation"/>
    <property name="java.vm.version" value="18.0.2.1+1-1"/>
    <property name="sun.io.unicode.encoding" value="UnicodeLittle"/>
    <property name="java.class.version" value="62.0"/>
  </properties>
  <testcase name="jwtGenTest" classname="com.example.PageDesginerApplicationTests" time="0.294">
    <system-out><![CDATA[eyJhbGciOiJIUzI1NiJ9.eyJuYW1lIjoiU0NVVCIsImlkIjoxLCJleHAiOjE3MTU4NzIyMjN9.FuJrg4UGXrHV5JfD_o_-VvI8x1fNkYmb5t5NRW1bXEA
]]></system-out>
  </testcase>
  <testcase name="userProfileTest" classname="com.example.PageDesginerApplicationTests" time="0.001">
    <system-out><![CDATA[D:\GitHub\Repository\springBootShopping-Design\page_Desginer\
]]></system-out>
  </testcase>
</testsuite>